-encoding
UTF-8
-outxml
-source
1.6
-target
1.6
-classpath
C:\Program Files\M2_REPO\antlr\antlr\2.7.6\antlr-2.7.6.jar;C:\Program Files\M2_REPO\aopalliance\aopalliance\1.0\aopalliance-1.0.jar;C:\Program Files\M2_REPO\asm\asm\3.3.1\asm-3.3.1.jar;C:\Program Files\M2_REPO\cglib\cglib\2.2.2\cglib-2.2.2.jar;C:\Program Files\M2_REPO\cglib\cglib-nodep\2.2\cglib-nodep-2.2.jar;C:\Program Files\M2_REPO\com\bbva\infrastructure\multichannel\arch\multi-channel-infrastructure-arch\0.0.1-SNAPSHOT\multi-channel-infrastructure-arch-0.0.1-SNAPSHOT.jar;C:\Program Files\M2_REPO\com\bbva\jee\arq\spring\core\arq-spring-connector-host\2.0.0\arq-spring-connector-host-2.0.0.jar;C:\Program Files\M2_REPO\com\bbva\jee\arq\spring\core\arq-spring-connector-host-api\2.0.0\arq-spring-connector-host-api-2.0.0.jar;C:\Program Files\M2_REPO\com\bbva\jee\arq\spring\core\arq-spring-connector-host-imsconnect\2.0.0\arq-spring-connector-host-imsconnect-2.0.0.jar;C:\Program Files\M2_REPO\com\bbva\jee\arq\spring\core\arq-spring-connector-host-ps9\2.0.0\arq-spring-connector-host-ps9-2.0.0.jar;C:\Program Files\M2_REPO\com\bbva\jee\arq\spring\core\arq-spring-core-api\2.0.0\arq-spring-core-api-2.0.0.jar;C:\Program Files\M2_REPO\com\bbva\jee\arq\spring\core\arq-spring-core-spi\2.0.0\arq-spring-core-spi-2.0.0.jar;C:\Program Files\M2_REPO\com\bbva\jee\arq\spring\core\arq-spring-monitoring\2.0.0\arq-spring-monitoring-2.0.0.jar;C:\Program Files\M2_REPO\com\bbva\jee\arq\spring\core\arq-spring-restutils\2.0.0\arq-spring-restutils-2.0.0.jar;C:\Program Files\M2_REPO\com\bbva\jee\arq\spring\core\arq-spring-servicing-core\2.0.0\arq-spring-servicing-core-2.0.0.jar;C:\Program Files\M2_REPO\com\bbva\jee\arq\spring\core\arq-spring-servicing-logging\2.0.0\arq-spring-servicing-logging-2.0.0.jar;C:\Program Files\M2_REPO\com\bbva\jee\arq\spring\integraciones\grantingtickets\1.0.0\grantingtickets-1.0.0.jar;C:\Program Files\M2_REPO\com\bbva\jee\arq\spring\integraciones\securitydummy\1.5.0\securitydummy-1.5.0.jar;C:\Program Files\M2_REPO\com\bbva\jee\arq\spring\integraciones\sendsmsdummy\1.1.0\sendsmsdummy-1.1.0.jar;C:\Program Files\M2_REPO\com\eclipsesource\minimal-json\minimal-json\0.9.1\minimal-json-0.9.1.jar;C:\Program Files\M2_REPO\com\fasterxml\jackson\core\jackson-annotations\2.1.5\jackson-annotations-2.1.5.jar;C:\Program Files\M2_REPO\com\fasterxml\jackson\core\jackson-core\2.1.5\jackson-core-2.1.5.jar;C:\Program Files\M2_REPO\com\fasterxml\jackson\core\jackson-databind\2.1.5\jackson-databind-2.1.5.jar;C:\Program Files\M2_REPO\com\fasterxml\jackson\jaxrs\jackson-jaxrs-json-provider\2.0.0\jackson-jaxrs-json-provider-2.0.0.jar;C:\Program Files\M2_REPO\com\fasterxml\jackson\module\jackson-module-jaxb-annotations\2.0.0\jackson-module-jaxb-annotations-2.0.0.jar;C:\Program Files\M2_REPO\com\fasterxml\jackson\module\jackson-module-jsonSchema\2.1.0\jackson-module-jsonSchema-2.1.0.jar;C:\Program Files\M2_REPO\com\fasterxml\jackson\module\jackson-module-scala_2.10\2.1.5\jackson-module-scala_2.10-2.1.5.jar;C:\Program Files\M2_REPO\com\google\guava\guava\13.0.1\guava-13.0.1.jar;C:\Program Files\M2_REPO\com\googlecode\ehcache-spring-annotations\ehcache-spring-annotations\1.2.0\ehcache-spring-annotations-1.2.0.jar;C:\Program Files\M2_REPO\com\googlecode\json-simple\json-simple\1.1.1\json-simple-1.1.1.jar;C:\Program Files\M2_REPO\com\hazelcast\hazelcast-all\3.4.1\hazelcast-all-3.4.1.jar;C:\Program Files\M2_REPO\com\ibm\connector\1.3.0\connector-1.3.0.jar;C:\Program Files\M2_REPO\com\ibm\mq\7.0.1.7\mq-7.0.1.7.jar;C:\Program Files\M2_REPO\com\ibm\mqjms\7.0.1.7\mqjms-7.0.1.7.jar;C:\Program Files\M2_REPO\com\ibm\disthub2\dhbcore\7.0.1.7\dhbcore-7.0.1.7.jar;C:\Program Files\M2_REPO\com\ibm\mq\commonservices\7.0.1.7\commonservices-7.0.1.7.jar;C:\Program Files\M2_REPO\com\ibm\mq\headers\7.0.1.7\headers-7.0.1.7.jar;C:\Program Files\M2_REPO\com\ibm\mq\jmqi\7.0.1.7\jmqi-7.0.1.7.jar;C:\Program Files\M2_REPO\com\oracle\ojdbc14\10.2.0.2\ojdbc14-10.2.0.2.jar;C:\Program Files\M2_REPO\com\rabbitmq\amqp-client\3.3.5\amqp-client-3.3.5.jar;C:\Program Files\M2_REPO\com\sun\xml\bind\jaxb-impl\2.1.13\jaxb-impl-2.1.13.jar;C:\Program Files\M2_REPO\com\thoughtworks\paranamer\paranamer\2.3\paranamer-2.3.jar;C:\Program Files\M2_REPO\com\thoughtworks\xstream\xstream\1.3.1\xstream-1.3.1.jar;C:\Program Files\M2_REPO\com\wordnik\swagger-annotations_2.10\1.3.0\swagger-annotations_2.10-1.3.0.jar;C:\Program Files\M2_REPO\com\wordnik\swagger-core_2.10\1.3.0\swagger-core_2.10-1.3.0.jar;C:\Program Files\M2_REPO\com\wordnik\swagger-jaxrs_2.10\1.3.0\swagger-jaxrs_2.10-1.3.0.jar;C:\Program Files\M2_REPO\commons-codec\commons-codec\1.4\commons-codec-1.4.jar;C:\Program Files\M2_REPO\commons-collections\commons-collections\3.1\commons-collections-3.1.jar;C:\Program Files\M2_REPO\commons-configuration\commons-configuration\1.8\commons-configuration-1.8.jar;C:\Program Files\M2_REPO\commons-dbcp\commons-dbcp\1.3\commons-dbcp-1.3.jar;C:\Program Files\M2_REPO\commons-httpclient\commons-httpclient\3.1\commons-httpclient-3.1.jar;C:\Program Files\M2_REPO\commons-lang\commons-lang\2.4\commons-lang-2.4.jar;C:\Program Files\M2_REPO\commons-logging\commons-logging\1.1.1\commons-logging-1.1.1.jar;C:\Program Files\M2_REPO\commons-pool\commons-pool\1.5.6\commons-pool-1.5.6.jar;C:\Program Files\M2_REPO\dom4j\dom4j\1.6.1\dom4j-1.6.1.jar;C:\Program Files\M2_REPO\javassist\javassist\3.12.0.GA\javassist-3.12.0.GA.jar;C:\Program Files\M2_REPO\javax\jms\jms\1.1\jms-1.1.jar;C:\Program Files\M2_REPO\javax\resource\connector-api\1.5\connector-api-1.5.jar;C:\Program Files\M2_REPO\javax\servlet\servlet-api\2.5\servlet-api-2.5.jar;C:\Program Files\M2_REPO\javax\transaction\jta\1.1\jta-1.1.jar;C:\Program Files\M2_REPO\javax\validation\validation-api\1.0.0.GA\validation-api-1.0.0.GA.jar;C:\Program Files\M2_REPO\javax\ws\rs\jsr311-api\1.1.1\jsr311-api-1.1.1.jar;C:\Program Files\M2_REPO\joda-time\joda-time\1.6\joda-time-1.6.jar;C:\Program Files\M2_REPO\junit\junit\4.8.2\junit-4.8.2.jar;C:\Program Files\M2_REPO\log4j\log4j\1.2.17\log4j-1.2.17.jar;C:\Program Files\M2_REPO\mx4j\mx4j-tools\3.0.1\mx4j-tools-3.0.1.jar;C:\Program Files\M2_REPO\net\sf\ehcache\ehcache-core\2.4.5\ehcache-core-2.4.5.jar;C:\Program Files\M2_REPO\net\sf\flexjson\flexjson\2.1\flexjson-2.1.jar;C:\Program Files\M2_REPO\net\sourceforge\findbugs\annotations\1.3.2\annotations-1.3.2.jar;C:\Program Files\M2_REPO\org\apache\cxf\cxf-api\2.6.10\cxf-api-2.6.10.jar;C:\Program Files\M2_REPO\org\apache\cxf\cxf-rt-bindings-soap\2.6.10\cxf-rt-bindings-soap-2.6.10.jar;C:\Program Files\M2_REPO\org\apache\cxf\cxf-rt-bindings-xml\2.6.10\cxf-rt-bindings-xml-2.6.10.jar;C:\Program Files\M2_REPO\org\apache\cxf\cxf-rt-core\2.6.10\cxf-rt-core-2.6.10.jar;C:\Program Files\M2_REPO\org\apache\cxf\cxf-rt-databinding-jaxb\2.6.10\cxf-rt-databinding-jaxb-2.6.10.jar;C:\Program Files\M2_REPO\org\apache\cxf\cxf-rt-features-clustering\2.6.10\cxf-rt-features-clustering-2.6.10.jar;C:\Program Files\M2_REPO\org\apache\cxf\cxf-rt-frontend-jaxrs\2.6.10\cxf-rt-frontend-jaxrs-2.6.10.jar;C:\Program Files\M2_REPO\org\apache\cxf\cxf-rt-frontend-jaxws\2.6.10\cxf-rt-frontend-jaxws-2.6.10.jar;C:\Program Files\M2_REPO\org\apache\cxf\cxf-rt-frontend-simple\2.6.10\cxf-rt-frontend-simple-2.6.10.jar;C:\Program Files\M2_REPO\org\apache\cxf\cxf-rt-rs-extension-search\2.6.10\cxf-rt-rs-extension-search-2.6.10.jar;C:\Program Files\M2_REPO\org\apache\cxf\cxf-rt-transports-http\2.6.10\cxf-rt-transports-http-2.6.10.jar;C:\Program Files\M2_REPO\org\apache\cxf\cxf-rt-ws-addr\2.6.10\cxf-rt-ws-addr-2.6.10.jar;C:\Program Files\M2_REPO\org\apache\cxf\cxf-rt-ws-policy\2.6.10\cxf-rt-ws-policy-2.6.10.jar;C:\Program Files\M2_REPO\org\apache\geronimo\specs\geronimo-commonj_1.1_spec\1.0\geronimo-commonj_1.1_spec-1.0.jar;C:\Program Files\M2_REPO\org\apache\geronimo\specs\geronimo-javamail_1.4_spec\1.7.1\geronimo-javamail_1.4_spec-1.7.1.jar;C:\Program Files\M2_REPO\org\apache\httpcomponents\httpclient\4.2.3\httpclient-4.2.3.jar;C:\Program Files\M2_REPO\org\apache\httpcomponents\httpcore\4.2.3\httpcore-4.2.3.jar;C:\Program Files\M2_REPO\org\apache\neethi\neethi\3.0.2\neethi-3.0.2.jar;C:\Program Files\M2_REPO\org\apache\ws\xmlschema\xmlschema-core\2.0.3\xmlschema-core-2.0.3.jar;C:\Program Files\M2_REPO\org\aspectj\aspectjrt\1.7.2\aspectjrt-1.7.2.jar;C:\Program Files\M2_REPO\org\aspectj\aspectjtools\1.7.2\aspectjtools-1.7.2.jar;C:\Program Files\M2_REPO\org\aspectj\aspectjweaver\1.7.2\aspectjweaver-1.7.2.jar;C:\Program Files\M2_REPO\org\codehaus\jackson\jackson-core-asl\1.8.0\jackson-core-asl-1.8.0.jar;C:\Program Files\M2_REPO\org\codehaus\jackson\jackson-core-lgpl\1.8.0\jackson-core-lgpl-1.8.0.jar;C:\Program Files\M2_REPO\org\codehaus\jackson\jackson-jaxrs\1.8.0\jackson-jaxrs-1.8.0.jar;C:\Program Files\M2_REPO\org\codehaus\jackson\jackson-mapper-asl\1.8.0\jackson-mapper-asl-1.8.0.jar;C:\Program Files\M2_REPO\org\codehaus\jackson\jackson-mapper-lgpl\1.8.0\jackson-mapper-lgpl-1.8.0.jar;C:\Program Files\M2_REPO\org\codehaus\jackson\jackson-mrbean\1.8.0\jackson-mrbean-1.8.0.jar;C:\Program Files\M2_REPO\org\codehaus\jackson\jackson-smile\1.8.0\jackson-smile-1.8.0.jar;C:\Program Files\M2_REPO\org\codehaus\jackson\jackson-xc\1.8.0\jackson-xc-1.8.0.jar;C:\Program Files\M2_REPO\org\codehaus\woodstox\stax2-api\3.1.1\stax2-api-3.1.1.jar;C:\Program Files\M2_REPO\org\codehaus\woodstox\woodstox-core-asl\4.2.0\woodstox-core-asl-4.2.0.jar;C:\Program Files\M2_REPO\org\hibernate\hibernate-commons-annotations\3.2.0.Final\hibernate-commons-annotations-3.2.0.Final.jar;C:\Program Files\M2_REPO\org\hibernate\hibernate-core\3.6.4.Final\hibernate-core-3.6.4.Final.jar;C:\Program Files\M2_REPO\org\hibernate\hibernate-entitymanager\3.6.4.Final\hibernate-entitymanager-3.6.4.Final.jar;C:\Program Files\M2_REPO\org\hibernate\hibernate-validator\4.2.0.Final\hibernate-validator-4.2.0.Final.jar;C:\Program Files\M2_REPO\org\hibernate\javax\persistence\hibernate-jpa-2.0-api\1.0.0.Final\hibernate-jpa-2.0-api-1.0.0.Final.jar;C:\Program Files\M2_REPO\org\joda\joda-convert\1.2\joda-convert-1.2.jar;C:\Program Files\M2_REPO\org\json4s\json4s-ast_2.10\3.2.4\json4s-ast_2.10-3.2.4.jar;C:\Program Files\M2_REPO\org\json4s\json4s-core_2.10\3.2.4\json4s-core_2.10-3.2.4.jar;C:\Program Files\M2_REPO\org\json4s\json4s-ext_2.10\3.2.4\json4s-ext_2.10-3.2.4.jar;C:\Program Files\M2_REPO\org\json4s\json4s-jackson_2.10\3.2.4\json4s-jackson_2.10-3.2.4.jar;C:\Program Files\M2_REPO\org\json4s\json4s-native_2.10\3.2.4\json4s-native_2.10-3.2.4.jar;C:\Program Files\M2_REPO\org\reflections\reflections\0.9.8\reflections-0.9.8.jar;C:\Program Files\M2_REPO\org\scala-lang\scala-compiler\2.10.0\scala-compiler-2.10.0.jar;C:\Program Files\M2_REPO\org\scala-lang\scala-library\2.10.0\scala-library-2.10.0.jar;C:\Program Files\M2_REPO\org\scala-lang\scala-reflect\2.10.0\scala-reflect-2.10.0.jar;C:\Program Files\M2_REPO\org\scala-lang\scalap\2.10.0\scalap-2.10.0.jar;C:\Program Files\M2_REPO\org\slf4j\slf4j-api\1.7.5\slf4j-api-1.7.5.jar;C:\Program Files\M2_REPO\org\springframework\spring-aop\3.2.3.RELEASE\spring-aop-3.2.3.RELEASE.jar;C:\Program Files\M2_REPO\org\springframework\spring-aspects\3.2.3.RELEASE\spring-aspects-3.2.3.RELEASE.jar;C:\Program Files\M2_REPO\org\springframework\spring-beans\3.2.3.RELEASE\spring-beans-3.2.3.RELEASE.jar;C:\Program Files\M2_REPO\org\springframework\spring-context\3.2.3.RELEASE\spring-context-3.2.3.RELEASE.jar;C:\Program Files\M2_REPO\org\springframework\spring-context-support\3.2.3.RELEASE\spring-context-support-3.2.3.RELEASE.jar;C:\Program Files\M2_REPO\org\springframework\spring-core\3.2.3.RELEASE\spring-core-3.2.3.RELEASE.jar;C:\Program Files\M2_REPO\org\springframework\spring-expression\3.2.3.RELEASE\spring-expression-3.2.3.RELEASE.jar;C:\Program Files\M2_REPO\org\springframework\spring-jdbc\3.2.3.RELEASE\spring-jdbc-3.2.3.RELEASE.jar;C:\Program Files\M2_REPO\org\springframework\spring-jms\3.2.3.RELEASE\spring-jms-3.2.3.RELEASE.jar;C:\Program Files\M2_REPO\org\springframework\spring-orm\3.2.3.RELEASE\spring-orm-3.2.3.RELEASE.jar;C:\Program Files\M2_REPO\org\springframework\spring-oxm\3.2.3.RELEASE\spring-oxm-3.2.3.RELEASE.jar;C:\Program Files\M2_REPO\org\springframework\spring-test\3.2.3.RELEASE\spring-test-3.2.3.RELEASE.jar;C:\Program Files\M2_REPO\org\springframework\spring-tx\3.2.3.RELEASE\spring-tx-3.2.3.RELEASE.jar;C:\Program Files\M2_REPO\org\springframework\spring-web\3.2.3.RELEASE\spring-web-3.2.3.RELEASE.jar;C:\Program Files\M2_REPO\org\springframework\roo\org.springframework.roo.annotations\1.1.5.RELEASE\org.springframework.roo.annotations-1.1.5.RELEASE.jar;C:\Program Files\M2_REPO\postgresql\postgresql\9.2-1004.jdbc3\postgresql-9.2-1004.jdbc3.jar;C:\Program Files\M2_REPO\wsdl4j\wsdl4j\1.6.3\wsdl4j-1.6.3.jar;C:\Program Files\M2_REPO\xerces\xercesImpl\2.9.1\xercesImpl-2.9.1.jar;C:\Program Files\M2_REPO\xml-apis\xml-apis\1.3.04\xml-apis-1.3.04.jar;C:\Program Files\M2_REPO\xml-resolver\xml-resolver\1.2\xml-resolver-1.2.jar;C:\Program Files\M2_REPO\xpp3\xpp3_min\1.1.4c\xpp3_min-1.1.4c.jar;W:\Workspaces\ASO\ZIC\zic_Account\target\classes
-aspectpath
C:\Program Files\M2_REPO\org\springframework\spring-aspects\3.2.3.RELEASE\spring-aspects-3.2.3.RELEASE.jar;C:\Program Files\M2_REPO\com\bbva\jee\arq\spring\core\arq-spring-servicing-core\2.0.0\arq-spring-servicing-core-2.0.0.jar;C:\Program Files\M2_REPO\com\bbva\jee\arq\spring\core\arq-spring-restutils\2.0.0\arq-spring-restutils-2.0.0.jar
-d
W:\Workspaces\ASO\ZIC\zic_Account\target\classes
W:\Workspaces\ASO\ZIC\zic_Account\src\main\java\com\bbva\zic\accountsv02\dao\model\b431\FormatoBGM431_Roo_JavaBean.aj
W:\Workspaces\ASO\ZIC\zic_Account\src\main\java\com\bbva\zic\accountsv02\dao\model\b402\FormatoBGM402B_Roo_ToString.aj
W:\Workspaces\ASO\ZIC\zic_Account\src\main\java\com\bbva\zic\accountsv02\dao\model\b402\FormatoBGM4026_Roo_JavaBean.aj
W:\Workspaces\ASO\ZIC\zic_Account\src\main\java\com\bbva\zic\accountsv02\facade\v02\dto\OptionsList.java
W:\Workspaces\ASO\ZIC\zic_Account\src\main\java\com\bbva\zic\accountsv02\business\impl\SrvIntAccountsV02.java
W:\Workspaces\ASO\ZIC\zic_Account\src\main\java\com\bbva\zic\accountsv02\dao\model\b402\FormatoBGM4022_Roo_Serializable.aj
W:\Workspaces\ASO\ZIC\zic_Account\src\main\java\com\bbva\zic\accountsv02\dao\model\b431\FormatoBGM4311.java
W:\Workspaces\ASO\ZIC\zic_Account\src\main\java\com\bbva\zic\accountsv02\dao\model\b431\FormatoBGM431_Roo_ToString.aj
W:\Workspaces\ASO\ZIC\zic_Account\src\main\java\com\bbva\zic\accountsv02\facade\v02\dto\Currency.java
W:\Workspaces\ASO\ZIC\zic_Account\src\main\java\com\bbva\zic\accountsv02\dao\model\b402\FormatoBGM4022.java
W:\Workspaces\ASO\ZIC\zic_Account\src\main\java\com\bbva\zic\accountsv02\dao\model\b000\PeticionTransaccionB000_Roo_ToString.aj
W:\Workspaces\ASO\ZIC\zic_Account\src\main\java\com\bbva\zic\accountsv02\dao\model\b402\RespuestaTransaccionB402_Roo_JavaBean.aj
W:\Workspaces\ASO\ZIC\zic_Account\src\main\java\com\bbva\zic\accountsv02\dao\model\b402\FormatoBGM4026.java
W:\Workspaces\ASO\ZIC\zic_Account\src\main\java\com\bbva\zic\accountsv02\business\dto\DTOIntContractBlock.java
W:\Workspaces\ASO\ZIC\zic_Account\src\main\java\com\bbva\zic\accountsv02\dao\model\b431\FormatoBGMLI02_Roo_Serializable.aj
W:\Workspaces\ASO\ZIC\zic_Account\src\main\java\com\bbva\zic\accountsv02\dao\model\b402\FormatoBGM402A_Roo_ToString.aj
W:\Workspaces\ASO\ZIC\zic_Account\src\main\java\com\bbva\zic\accountsv02\dao\model\b402\FormatoBGM402_Roo_JavaBean.aj
W:\Workspaces\ASO\ZIC\zic_Account\src\main\java\com\bbva\zic\accountsv02\dao\model\b402\FormatoBGM402_Roo_ToString.aj
W:\Workspaces\ASO\ZIC\zic_Account\src\main\java\com\bbva\zic\accountsv02\dao\mapper\MapperB431.java
W:\Workspaces\ASO\ZIC\zic_Account\src\main\java\com\bbva\zic\accountsv02\dao\model\b431\FormatoBGM431_Roo_Serializable.aj
W:\Workspaces\ASO\ZIC\zic_Account\src\main\java\com\bbva\zic\accountsv02\dao\model\b402\FormatoBGM402B.java
W:\Workspaces\ASO\ZIC\zic_Account\src\main\java\com\bbva\zic\accountsv02\facade\v02\ISrvAccountsV02V02.java
W:\Workspaces\ASO\ZIC\zic_Account\src\main\java\com\bbva\zic\accountsv02\facade\v02\dto\Account.java
W:\Workspaces\ASO\ZIC\zic_Account\src\main\java\com\bbva\zic\accountsv02\dao\mapper\MapperB000.java
W:\Workspaces\ASO\ZIC\zic_Account\src\main\java\com\bbva\zic\accountsv02\dao\model\b431\PeticionTransaccionB431_Roo_JavaBean.aj
W:\Workspaces\ASO\ZIC\zic_Account\src\main\java\com\bbva\zic\accountsv02\dao\model\b431\FormatoBGMLIT1_Roo_Serializable.aj
W:\Workspaces\ASO\ZIC\zic_Account\src\main\java\com\bbva\zic\accountsv02\dao\model\b431\PeticionTransaccionB431_Roo_ToString.aj
W:\Workspaces\ASO\ZIC\zic_Account\src\main\java\com\bbva\zic\accountsv02\dao\model\b000\RespuestaTransaccionB000_Roo_ToString.aj
W:\Workspaces\ASO\ZIC\zic_Account\src\main\java\com\bbva\zic\accountsv02\business\dto\DTOIntBranch.java
W:\Workspaces\ASO\ZIC\zic_Account\src\main\java\com\bbva\zic\accountsv02\dao\model\b402\FormatoBGM4027_Roo_ToString.aj
W:\Workspaces\ASO\ZIC\zic_Account\src\main\java\com\bbva\zic\accountsv02\dao\model\b402\FormatoBGM4025_Roo_Serializable.aj
W:\Workspaces\ASO\ZIC\zic_Account\src\main\java\com\bbva\zic\accountsv02\dao\model\b431\FormatoBGM4312.java
W:\Workspaces\ASO\ZIC\zic_Account\src\main\java\com\bbva\zic\accountsv02\facade\v02\dto\Product.java
W:\Workspaces\ASO\ZIC\zic_Account\src\main\java\com\bbva\zic\accountsv02\dao\model\b431\RespuestaTransaccionB431_Roo_JavaBean.aj
W:\Workspaces\ASO\ZIC\zic_Account\src\main\java\com\bbva\zic\accountsv02\dao\model\b431\FormatoBGM4312_Roo_ToString.aj
W:\Workspaces\ASO\ZIC\zic_Account\src\main\java\com\bbva\zic\accountsv02\dao\model\b431\FormatoBGMLIT1_Roo_JavaBean.aj
W:\Workspaces\ASO\ZIC\zic_Account\src\main\java\com\bbva\zic\accountsv02\dao\model\b402\PeticionTransaccionB402_Roo_ToString.aj
W:\Workspaces\ASO\ZIC\zic_Account\src\main\java\com\bbva\zic\accountsv02\dao\model\b402\PeticionTransaccionB402_Roo_Serializable.aj
W:\Workspaces\ASO\ZIC\zic_Account\src\main\java\com\bbva\zic\accountsv02\dao\model\b000\FormatoBGM0001.java
W:\Workspaces\ASO\ZIC\zic_Account\src\main\java\com\bbva\zic\accountsv02\dao\model\b431\FormatoBGMLI02_Roo_JavaBean.aj
W:\Workspaces\ASO\ZIC\zic_Account\src\main\java\com\bbva\zic\accountsv02\dao\model\b402\FormatoBGM4027.java
W:\Workspaces\ASO\ZIC\zic_Account\src\main\java\com\bbva\zic\accountsv02\dao\model\b402\FormatoBGM402A_Roo_Serializable.aj
W:\Workspaces\ASO\ZIC\zic_Account\src\main\java\com\bbva\zic\accountsv02\facade\v02\dto\AccountBlocking.java
W:\Workspaces\ASO\ZIC\zic_Account\src\main\java\com\bbva\zic\accountsv02\dao\model\b402\TransaccionB402.java
W:\Workspaces\ASO\ZIC\zic_Account\src\main\java\com\bbva\zic\accountsv02\dao\model\b431\FormatoBGM4312_Roo_Serializable.aj
W:\Workspaces\ASO\ZIC\zic_Account\src\main\java\com\bbva\zic\accountsv02\business\dto\DTOIntAccountBlocking.java
W:\Workspaces\ASO\ZIC\zic_Account\src\main\java\com\bbva\zic\accountsv02\dao\model\b402\FormatoBGM402.java
W:\Workspaces\ASO\ZIC\zic_Account\src\main\java\com\bbva\zic\accountsv02\business\dto\DTOIntBank.java
W:\Workspaces\ASO\ZIC\zic_Account\src\main\java\com\bbva\zic\accountsv02\dao\model\b431\FormatoBGM431.java
W:\Workspaces\ASO\ZIC\zic_Account\src\main\java\com\bbva\zic\accountsv02\dao\model\b431\RespuestaTransaccionB431.java
W:\Workspaces\ASO\ZIC\zic_Account\src\main\java\com\bbva\zic\accountsv02\facade\v02\dto\ContractFormat.java
W:\Workspaces\ASO\ZIC\zic_Account\src\main\java\com\bbva\zic\accountsv02\business\utils\Constant.java
W:\Workspaces\ASO\ZIC\zic_Account\src\main\java\com\bbva\zic\accountsv02\dao\model\b000\PeticionTransaccionB000_Roo_Serializable.aj
W:\Workspaces\ASO\ZIC\zic_Account\src\main\java\com\bbva\zic\accountsv02\dao\model\b402\FormatoBGM4025.java
W:\Workspaces\ASO\ZIC\zic_Account\src\main\java\com\bbva\zic\accountsv02\dao\model\b000\FormatoBGM0001_Roo_JavaBean.aj
W:\Workspaces\ASO\ZIC\zic_Account\src\main\java\com\bbva\zic\accountsv02\dao\model\b402\FormatoBGM402B_Roo_JavaBean.aj
W:\Workspaces\ASO\ZIC\zic_Account\src\main\java\com\bbva\zic\accountsv02\dao\model\b431\FormatoBGM4312_Roo_JavaBean.aj
W:\Workspaces\ASO\ZIC\zic_Account\src\main\java\com\bbva\zic\accountsv02\dao\model\b431\RespuestaTransaccionB431_Roo_ToString.aj
W:\Workspaces\ASO\ZIC\zic_Account\src\main\java\com\bbva\zic\accountsv02\dao\model\b431\FormatoBGMLIT1_Roo_ToString.aj
W:\Workspaces\ASO\ZIC\zic_Account\src\main\java\com\bbva\zic\accountsv02\dao\model\b000\PeticionTransaccionB000_Roo_JavaBean.aj
W:\Workspaces\ASO\ZIC\zic_Account\src\main\java\com\bbva\zic\accountsv02\dao\model\b000\FormatoBGM000_Roo_Serializable.aj
W:\Workspaces\ASO\ZIC\zic_Account\src\main\java\com\bbva\zic\accountsv02\facade\v02\utils\Validator.java
W:\Workspaces\ASO\ZIC\zic_Account\src\main\java\com\bbva\zic\accountsv02\dao\model\b431\TransaccionB431.java
W:\Workspaces\ASO\ZIC\zic_Account\src\main\java\com\bbva\zic\accountsv02\dao\model\b402\RespuestaTransaccionB402.java
W:\Workspaces\ASO\ZIC\zic_Account\src\main\java\com\bbva\zic\accountsv02\dao\model\b402\FormatoBGM4022_Roo_ToString.aj
W:\Workspaces\ASO\ZIC\zic_Account\src\main\java\com\bbva\zic\accountsv02\dao\model\b000\TransaccionB000.java
W:\Workspaces\ASO\ZIC\zic_Account\src\main\java\com\bbva\zic\accountsv02\dao\model\b000\FormatoBGM000_Roo_JavaBean.aj
W:\Workspaces\ASO\ZIC\zic_Account\src\main\java\com\bbva\zic\accountsv02\dao\model\b000\RespuestaTransaccionB000_Roo_JavaBean.aj
W:\Workspaces\ASO\ZIC\zic_Account\src\main\java\com\bbva\zic\accountsv02\dao\model\b402\FormatoBGM402B_Roo_Serializable.aj
W:\Workspaces\ASO\ZIC\zic_Account\src\main\java\com\bbva\zic\accountsv02\dao\model\b402\RespuestaTransaccionB402_Roo_ToString.aj
W:\Workspaces\ASO\ZIC\zic_Account\src\main\java\com\bbva\zic\accountsv02\dao\model\b000\FormatoBGM000_Roo_ToString.aj
W:\Workspaces\ASO\ZIC\zic_Account\src\main\java\com\bbva\zic\accountsv02\dao\model\b431\PeticionTransaccionB431.java
W:\Workspaces\ASO\ZIC\zic_Account\src\main\java\com\bbva\zic\accountsv02\dao\model\b431\RespuestaTransaccionB431_Roo_Serializable.aj
W:\Workspaces\ASO\ZIC\zic_Account\src\main\java\com\bbva\zic\accountsv02\facade\v02\dto\Money.java
W:\Workspaces\ASO\ZIC\zic_Account\src\main\java\com\bbva\zic\accountsv02\dao\model\b402\FormatoBGM402_Roo_Serializable.aj
W:\Workspaces\ASO\ZIC\zic_Account\src\main\java\com\bbva\zic\accountsv02\dao\model\b402\FormatoBGM4025_Roo_JavaBean.aj
W:\Workspaces\ASO\ZIC\zic_Account\src\main\java\com\bbva\zic\accountsv02\dao\model\b402\FormatoBGM4026_Roo_Serializable.aj
W:\Workspaces\ASO\ZIC\zic_Account\src\main\java\com\bbva\zic\accountsv02\dao\model\b431\FormatoBGM4311_Roo_Serializable.aj
W:\Workspaces\ASO\ZIC\zic_Account\src\main\java\com\bbva\zic\accountsv02\dao\model\b431\FormatoBGMLIT1.java
W:\Workspaces\ASO\ZIC\zic_Account\src\main\java\com\bbva\zic\accountsv02\facade\v02\SrvAccountsV02V02.java
W:\Workspaces\ASO\ZIC\zic_Account\src\main\java\com\bbva\zic\accountsv02\business\dto\DTOIntAccount.java
W:\Workspaces\ASO\ZIC\zic_Account\src\main\java\com\bbva\zic\accountsv02\dao\model\b402\FormatoBGM4027_Roo_JavaBean.aj
W:\Workspaces\ASO\ZIC\zic_Account\src\main\java\com\bbva\zic\accountsv02\dao\model\b402\FormatoBGM4027_Roo_Serializable.aj
W:\Workspaces\ASO\ZIC\zic_Account\src\main\java\com\bbva\zic\accountsv02\dao\model\b402\FormatoBGM402A_Roo_JavaBean.aj
W:\Workspaces\ASO\ZIC\zic_Account\src\main\java\com\bbva\zic\accountsv02\dao\model\b402\PeticionTransaccionB402.java
W:\Workspaces\ASO\ZIC\zic_Account\src\main\java\com\bbva\zic\accountsv02\dao\model\b431\FormatoBGM4311_Roo_JavaBean.aj
W:\Workspaces\ASO\ZIC\zic_Account\src\main\java\com\bbva\zic\accountsv02\business\dto\DTOIntProduct.java
W:\Workspaces\ASO\ZIC\zic_Account\src\main\java\com\bbva\zic\accountsv02\dao\model\b402\FormatoBGM402A.java
W:\Workspaces\ASO\ZIC\zic_Account\src\main\java\com\bbva\zic\accountsv02\dao\model\b402\FormatoBGM4025_Roo_ToString.aj
W:\Workspaces\ASO\ZIC\zic_Account\src\main\java\com\bbva\zic\accountsv02\business\dto\DTOIntCurrency.java
W:\Workspaces\ASO\ZIC\zic_Account\src\main\java\com\bbva\zic\accountsv02\dao\model\b402\FormatoBGM4022_Roo_JavaBean.aj
W:\Workspaces\ASO\ZIC\zic_Account\src\main\java\com\bbva\zic\accountsv02\business\ISrvIntAccountsV02.java
W:\Workspaces\ASO\ZIC\zic_Account\src\main\java\com\bbva\zic\accountsv02\dao\model\b402\RespuestaTransaccionB402_Roo_Serializable.aj
W:\Workspaces\ASO\ZIC\zic_Account\src\main\java\com\bbva\zic\accountsv02\dao\model\b000\PeticionTransaccionB000.java
W:\Workspaces\ASO\ZIC\zic_Account\src\main\java\com\bbva\zic\accountsv02\dao\model\b000\FormatoBGM0001_Roo_Serializable.aj
W:\Workspaces\ASO\ZIC\zic_Account\src\main\java\com\bbva\zic\accountsv02\dao\model\b000\RespuestaTransaccionB000_Roo_Serializable.aj
W:\Workspaces\ASO\ZIC\zic_Account\src\main\java\com\bbva\zic\accountsv02\dao\model\b402\PeticionTransaccionB402_Roo_JavaBean.aj
W:\Workspaces\ASO\ZIC\zic_Account\src\main\java\com\bbva\zic\accountsv02\business\dto\DTOIntMoney.java
W:\Workspaces\ASO\ZIC\zic_Account\src\main\java\com\bbva\zic\accountsv02\facade\v02\mapper\Mapper.java
W:\Workspaces\ASO\ZIC\zic_Account\src\main\java\com\bbva\zic\accountsv02\facade\v02\dto\Bank.java
W:\Workspaces\ASO\ZIC\zic_Account\src\main\java\com\bbva\zic\accountsv02\business\dto\DTOIntContractFormat.java
W:\Workspaces\ASO\ZIC\zic_Account\src\main\java\com\bbva\zic\accountsv02\dao\model\b431\FormatoBGMLI02_Roo_ToString.aj
W:\Workspaces\ASO\ZIC\zic_Account\src\main\java\com\bbva\zic\accountsv02\dao\model\b431\PeticionTransaccionB431_Roo_Serializable.aj
W:\Workspaces\ASO\ZIC\zic_Account\src\main\java\com\bbva\zic\accountsv02\dao\model\b000\RespuestaTransaccionB000.java
W:\Workspaces\ASO\ZIC\zic_Account\src\main\java\com\bbva\zic\accountsv02\facade\v02\dto\ContractBlock.java
W:\Workspaces\ASO\ZIC\zic_Account\src\main\java\com\bbva\zic\accountsv02\facade\v02\dto\Branch.java
W:\Workspaces\ASO\ZIC\zic_Account\src\main\java\com\bbva\zic\accountsv02\dao\model\b431\FormatoBGMLI02.java
W:\Workspaces\ASO\ZIC\zic_Account\src\main\java\com\bbva\zic\accountsv02\dao\model\b402\FormatoBGM4026_Roo_ToString.aj
W:\Workspaces\ASO\ZIC\zic_Account\src\main\java\com\bbva\zic\accountsv02\business\dto\DTOIntOptionsList.java
W:\Workspaces\ASO\ZIC\zic_Account\src\main\java\com\bbva\zic\accountsv02\dao\model\b000\FormatoBGM000.java
W:\Workspaces\ASO\ZIC\zic_Account\src\main\java\com\bbva\zic\accountsv02\dao\model\b431\FormatoBGM4311_Roo_ToString.aj
W:\Workspaces\ASO\ZIC\zic_Account\src\main\java\com\bbva\zic\accountsv02\dao\model\b000\FormatoBGM0001_Roo_ToString.aj
W:\Workspaces\ASO\ZIC\zic_Account\src\main\java\com\bbva\zic\accountsv02\dao\mapper\MapperB402.java
